2023-03-24 08:43:08 Loading main app package /usr/lib/obsidian/obsidian.asar
2023-03-24 08:43:09 Checking for update using Github
2023-03-24 08:43:12 Success.
2023-03-24 08:43:12 Latest version is 1.1.16
2023-03-24 08:43:12 App is up to date.
2023-03-24 08:43:37 Loading main app package /usr/lib/obsidian/obsidian.asar
2023-03-24 08:43:38 Checking for update using Github
2023-03-24 08:43:38 Success.
2023-03-24 08:43:38 Latest version is 1.1.16
2023-03-24 08:43:38 App is up to date.
2023-03-24 09:03:12 Loading main app package /usr/lib/obsidian/obsidian.asar
2023-03-24 09:03:12 Checking for update using Github
2023-03-24 09:03:13 Success.
2023-03-24 09:03:13 Latest version is 1.1.16
2023-03-24 09:03:13 App is up to date.
2023-03-24 09:12:01 Loading main app package /usr/lib/obsidian/obsidian.asar
2023-03-24 09:12:01 Checking for update using Github
2023-03-24 09:12:02 Success.
2023-03-24 09:12:02 Latest version is 1.1.16
2023-03-24 09:12:02 App is up to date.
2023-03-24 09:12:37 Loading main app package /usr/lib/obsidian/obsidian.asar
2023-03-24 09:12:38 Checking for update using Github
2023-03-24 09:12:38 Success.
2023-03-24 09:12:38 Latest version is 1.1.16
2023-03-24 09:12:38 App is up to date.
2023-03-24 09:36:21 Loading main app package /usr/lib/obsidian/obsidian.asar
2023-03-24 09:36:22 Checking for update using Github
2023-03-24 09:36:22 Success.
2023-03-24 09:36:22 Latest version is 1.1.16
2023-03-24 09:36:22 App is up to date.
2023-03-25 13:05:28 Loading main app package /usr/lib/obsidian/obsidian.asar
2023-03-25 13:05:30 Checking for update using Github
2023-03-25 13:05:32 Success.
2023-03-25 13:05:32 Latest version is 1.1.16
2023-03-25 13:05:32 App is up to date.
2023-03-25 14:05:28 Checking for update using Github
2023-03-25 14:05:29 Success.
2023-03-25 14:05:29 Latest version is 1.1.16
2023-03-25 14:05:29 App is up to date.
2023-03-25 15:05:28 Checking for update using Github
2023-03-25 15:05:29 Success.
2023-03-25 15:05:29 Latest version is 1.1.16
2023-03-25 15:05:29 App is up to date.
2023-03-26 08:32:56 Loading main app package /usr/lib/obsidian/obsidian.asar
2023-03-26 08:32:58 Checking for update using Github
2023-03-26 08:32:59 Success.
2023-03-26 08:32:59 Latest version is 1.1.16
2023-03-26 08:32:59 App is up to date.
2023-03-26 13:58:04 Checking for update using Github
2023-03-26 13:58:05 Success.
2023-03-26 13:58:05 Latest version is 1.1.16
2023-03-26 13:58:05 App is up to date.
2023-03-26 14:58:05 Checking for update using Github
2023-03-26 14:58:05 Success.
2023-03-26 14:58:05 Latest version is 1.1.16
2023-03-26 14:58:05 App is up to date.
2023-03-26 15:58:05 Checking for update using Github
2023-03-26 15:58:05 Success.
2023-03-26 15:58:05 Latest version is 1.1.16
2023-03-26 15:58:05 App is up to date.
2023-03-26 16:58:05 Checking for update using Github
2023-03-26 16:58:06 Success.
2023-03-26 16:58:06 Latest version is 1.1.16
2023-03-26 16:58:06 App is up to date.
2023-03-26 17:58:05 Checking for update using Github
2023-03-26 17:58:06 Success.
2023-03-26 17:58:06 Latest version is 1.1.16
2023-03-26 17:58:06 App is up to date.
2023-03-26 18:58:05 Checking for update using Github
2023-03-26 18:58:06 Success.
2023-03-26 18:58:06 Latest version is 1.1.16
2023-03-26 18:58:06 App is up to date.
2023-03-27 09:52:57 Loading main app package /usr/lib/obsidian/obsidian.asar
2023-03-27 09:52:59 Checking for update using Github
2023-03-27 09:53:00 Success.
2023-03-27 09:53:00 Latest version is 1.1.16
2023-03-27 09:53:00 App is up to date.
2023-03-27 18:44:34 Loading main app package /usr/lib/obsidian/obsidian.asar
2023-03-27 18:44:36 Checking for update using Github
2023-03-27 18:44:37 Success.
2023-03-27 18:44:37 Latest version is 1.1.16
2023-03-27 18:44:37 App is up to date.
2023-03-28 06:04:13 Loading main app package /usr/lib/obsidian/obsidian.asar
2023-03-28 06:04:15 Checking for update using Github
2023-03-28 06:04:18 Success.
2023-03-28 06:04:18 Latest version is 1.1.16
2023-03-28 06:04:18 App is up to date.
2023-03-28 06:14:31 Loading main app package /usr/lib/obsidian/obsidian.asar
2023-03-28 06:14:31 Checking for update using Github
2023-03-28 06:14:32 Success.
2023-03-28 06:14:32 Latest version is 1.1.16
2023-03-28 06:14:32 App is up to date.
2023-03-28 06:15:48 Loading main app package /usr/lib/obsidian/obsidian.asar
2023-03-28 06:15:49 Checking for update using Github
2023-03-28 06:15:49 Success.
2023-03-28 06:15:49 Latest version is 1.1.16
2023-03-28 06:15:49 App is up to date.
2023-03-28 07:15:48 Checking for update using Github
2023-03-28 07:15:49 Success.
2023-03-28 07:15:49 Latest version is 1.1.16
2023-03-28 07:15:49 App is up to date.
2023-03-28 08:15:48 Checking for update using Github
2023-03-28 08:15:49 Success.
2023-03-28 08:15:49 Latest version is 1.1.16
2023-03-28 08:15:49 App is up to date.
2023-03-28 09:15:49 Checking for update using Github
2023-03-28 09:15:49 Success.
2023-03-28 09:15:49 Latest version is 1.1.16
2023-03-28 09:15:49 App is up to date.
2023-03-28 10:15:49 Checking for update using Github
2023-03-28 10:15:52 Success.
2023-03-28 10:15:52 Latest version is 1.1.16
2023-03-28 10:15:52 App is up to date.
2023-03-29 05:39:23 Loading main app package /usr/lib/obsidian/obsidian.asar
2023-03-29 05:39:25 Checking for update using Github
2023-03-29 05:39:26 Success.
2023-03-29 05:39:26 Latest version is 1.1.16
2023-03-29 05:39:26 App is up to date.
2023-03-29 06:39:23 Checking for update using Github
2023-03-29 06:39:24 Success.
2023-03-29 06:39:24 Latest version is 1.1.16
2023-03-29 06:39:24 App is up to date.
2023-03-29 07:39:23 Checking for update using Github
2023-03-29 07:39:24 Success.
2023-03-29 07:39:24 Latest version is 1.1.16
2023-03-29 07:39:24 App is up to date.
2023-03-29 08:39:23 Checking for update using Github
2023-03-29 08:39:24 Success.
2023-03-29 08:39:24 Latest version is 1.1.16
2023-03-29 08:39:24 App is up to date.
2023-03-31 17:36:23 Loading main app package /usr/lib/obsidian/obsidian.asar
2023-03-31 17:36:25 Checking for update using Github
2023-03-31 17:36:27 Success.
2023-03-31 17:36:27 Latest version is 1.1.16
2023-03-31 17:36:27 App is up to date.
